<?xml version="1.0" encoding="UTF-8"?>
<testng-results skipped="0" failed="0" ignored="0" total="1" passed="1">
  <reporter-output>
  </reporter-output>
  <suite name="Default suite" duration-ms="231" started-at="2021-06-08T18:12:38 IST" finished-at="2021-06-08T18:12:38 IST">
    <groups>
    </groups>
    <test name="Default test" duration-ms="231" started-at="2021-06-08T18:12:38 IST" finished-at="2021-06-08T18:12:38 IST">
      <class name="com.project.JuneCRMProject.suitea.LoginTest">
        <test-method status="PASS" signature="beforeTest()[pri:0, instance:com.project.JuneCRMProject.suitea.LoginTest@64729b1e]" name="beforeTest" is-config="true" duration-ms="116" started-at="2021-06-08T18:12:38 IST" finished-at="2021-06-08T18:12:38 IST">
          <reporter-output>
          </reporter-output>
        </test-method> <!-- beforeTest -->
        <test-method status="PASS" signature="f()[pri:0, instance:com.project.JuneCRMProject.suitea.LoginTest@64729b1e]" name="f" duration-ms="12" started-at="2021-06-08T18:12:38 IST" finished-at="2021-06-08T18:12:38 IST">
          <reporter-output>
          </reporter-output>
        </test-method> <!-- f -->
        <test-method status="PASS" signature="afterTest()[pri:0, instance:com.project.JuneCRMProject.suitea.LoginTest@64729b1e]" name="afterTest" is-config="true" duration-ms="0" started-at="2021-06-08T18:12:38 IST" finished-at="2021-06-08T18:12:38 IST">
          <reporter-output>
          </reporter-output>
        </test-method> <!-- afterTest -->
      </class> <!-- com.project.JuneCRMProject.suitea.LoginTest -->
    </test> <!-- Default test -->
  </suite> <!-- Default suite -->
</testng-results>
