<?xml version="1.0" encoding="UTF-8"?>
<!-- Generated by org.testng.reporters.JUnitXMLReporter -->
<testsuite hostname="DESKTOP-27L8JE7" ignored="0" name="Default test" tests="2" failures="0" timestamp="2021-06-14T18:16:37 IST" time="46.144" errors="0">
  <testcase name="f" time="44.411" classname="com.project.JuneCRMProject.suitea.LoginTest"/>
  <testcase name="f" time="0.007" classname="com.project.JuneCRMProject.suitea.LoginTest">
    <skipped/>
  </testcase> <!-- f -->
</testsuite> <!-- Default test -->
