<?xml version="1.0" encoding="UTF-8"?>
<!-- Generated by org.testng.reporters.JUnitXMLReporter -->
<testsuite hostname="DESKTOP-27L8JE7" ignored="0" name="Default test" tests="2" failures="0" timestamp="2021-06-15T17:37:41 IST" time="49.594" errors="0">
  <testcase name="f" time="45.914" classname="com.project.JuneCRMProject.suitea.LoginTest"/>
  <testcase name="f" time="0.003" classname="com.project.JuneCRMProject.suitea.LoginTest">
    <skipped/>
  </testcase> <!-- f -->
</testsuite> <!-- Default test -->
