<?xml version="1.0" encoding="UTF-8"?>
<!-- Generated by org.testng.reporters.JUnitXMLReporter -->
<testsuite hostname="DESKTOP-27L8JE7" ignored="0" name="Default test" tests="4" failures="0" timestamp="2021-06-08T06:46:44 IST" time="0.18" errors="0">
  <testcase name="orange" time="0.018" classname="demogroup.SampleProject.TestDependency"/>
  <testcase name="white" time="0.005" classname="demogroup.SampleProject.TestDependency"/>
  <testcase name="blue" time="0.009" classname="demogroup.SampleProject.TestDependency">
    <skipped/>
  </testcase> <!-- blue -->
  <testcase name="green" time="0.001" classname="demogroup.SampleProject.TestDependency">
    <skipped/>
  </testcase> <!-- green -->
</testsuite> <!-- Default test -->
