<?xml version="1.0" encoding="UTF-8"?>
<testng-results skipped="0" failed="0" ignored="0" total="2" passed="2">
  <reporter-output>
  </reporter-output>
  <suite name="Default suite" duration-ms="33792" started-at="2021-05-14T12:40:56Z" finished-at="2021-05-14T12:41:29Z">
    <groups>
    </groups>
    <test name="Default test" duration-ms="33792" started-at="2021-05-14T12:40:56Z" finished-at="2021-05-14T12:41:29Z">
      <class name="excelDataDriven.NewTest">
        <test-method status="PASS" signature="f(java.util.Hashtable)[pri:0, instance:excelDataDriven.NewTest@258e2e41]" name="f" duration-ms="32260" started-at="2021-05-14T12:40:57Z" data-provider="getData" finished-at="2021-05-14T12:41:29Z">
          <params>
            <param index="0">
              <value>
                <![CDATA[{ExpectedResult=loginSuccess, RunMode=Y, Pasword=zoho2015, UserName=ravilella.2015@gmail.com, Browser=chrome}]]>
              </value>
            </param>
          </params>
          <reporter-output>
          </reporter-output>
        </test-method> <!-- f -->
        <test-method status="PASS" signature="f(java.util.Hashtable)[pri:0, instance:excelDataDriven.NewTest@258e2e41]" name="f" duration-ms="3" started-at="2021-05-14T12:41:29Z" data-provider="getData" finished-at="2021-05-14T12:41:29Z">
          <params>
            <param index="0">
              <value>
                <![CDATA[{ExpectedResult=loginSuccess, RunMode=N, Pasword=P1, UserName=U1, Browser=firefox}]]>
              </value>
            </param>
          </params>
          <reporter-output>
          </reporter-output>
        </test-method> <!-- f -->
      </class> <!-- excelDataDriven.NewTest -->
    </test> <!-- Default test -->
  </suite> <!-- Default suite -->
</testng-results>
