<?xml version="1.0" encoding="UTF-8"?>
<!-- Generated by org.testng.reporters.JUnitXMLReporter -->
<testsuite hostname="DESKTOP-27L8JE7" ignored="0" name="Test" tests="3" failures="0" timestamp="07 May 2021 13:17:35 GMT" time="0.149" errors="0">
  <testcase name="test1" time="0.048" classname="parallelsuites.DemoTest"/>
  <testcase name="test3" time="0.047" classname="parallelsuites.DemoTest"/>
  <testcase name="test2" time="0.049" classname="parallelsuites.DemoTest"/>
</testsuite> <!-- Test -->
